2024-12-15T14:38:15.064Z - Error in getBlogById: Cast to ObjectId failed for value "getLatest" (type string) at path "_id" for model "Blog"
2025-03-13T08:50:45.523Z - File not found: 1741784880489.jpg
2025-03-13T08:50:53.508Z - File not found: 1741784880489
2025-03-13T08:51:57.301Z - File not found: 1741784880489
2025-03-13T08:56:53.014Z - File not found: undefined
2025-03-13T08:56:53.018Z - File not found: undefined
2025-03-13T08:56:53.023Z - File not found: undefined
2025-03-13T08:56:53.027Z - File not found: undefined
2025-03-13T08:56:59.542Z - File not found: undefined
2025-03-13T08:56:59.544Z - File not found: undefined
2025-03-13T08:56:59.551Z - File not found: undefined
2025-03-13T08:56:59.555Z - File not found: undefined
2025-03-13T08:57:05.109Z - File not found: undefined
2025-03-13T08:57:05.115Z - File not found: undefined
2025-03-13T08:57:05.122Z - File not found: undefined
2025-03-13T08:57:05.131Z - File not found: undefined
2025-03-13T11:47:08.983Z - File not found: 0
2025-03-13T11:47:08.985Z - File not found: 1
2025-03-13T11:47:42.988Z - File not found: 0
2025-03-13T11:48:18.981Z - File not found: 0
2025-03-13T11:48:32.542Z - File not found: 0
2025-03-13T11:48:34.205Z - File not found: 0
2025-03-13T11:50:07.753Z - File not found: 0
2025-03-22T11:53:31.465Z - File not found: 1742036087493.png
2025-03-22T11:53:31.498Z - File not found: 1742036087493.png
2025-03-22T11:53:31.502Z - File not found: 1742036087493.png
2025-03-22T11:53:50.824Z - File not found: 1742036087493.png
2025-03-22T11:53:50.828Z - File not found: 1742036087493.png
2025-03-22T11:53:50.832Z - File not found: 1742036087493.png
2025-03-22T11:53:51.843Z - File not found: 1742036087493.png
2025-03-22T11:53:51.849Z - File not found: 1742036087493.png
2025-03-22T11:53:51.852Z - File not found: 1742036087493.png
2025-03-22T11:58:27.871Z - File not found: 1742036087493.png
2025-03-22T11:59:27.572Z - File not found: 1742036087493.png
2025-03-22T11:59:27.584Z - File not found: 1742036087493.png
2025-03-22T11:59:27.588Z - File not found: 1742036087493.png
2025-03-22T13:00:36.271Z - File not found: 1742036087493.png
2025-03-22T13:00:36.280Z - File not found: 1742036087493.png
2025-03-22T13:00:36.285Z - File not found: 1742036087493.png
2025-03-22T13:10:58.179Z - File not found: 1742036087493.png
2025-03-22T13:10:58.191Z - File not found: 1742036087493.png
2025-03-22T13:10:58.196Z - File not found: 1742036087493.png
2025-03-22T13:10:59.646Z - File not found: 1742036087493.png
2025-03-22T13:11:12.258Z - File not found: 1742036087493.png
2025-03-22T13:11:12.263Z - File not found: 1742036087493.png
2025-03-22T13:11:12.269Z - File not found: 1742036087493.png
2025-03-23T09:20:00.359Z - File not found: 1742036087493.png
2025-03-23T09:20:00.700Z - File not found: 1742036087493.png
2025-03-23T09:20:00.705Z - File not found: 1742036087493.png
2025-03-23T09:21:20.756Z - File not found: 1742036087493.png
2025-03-23T09:21:20.760Z - File not found: 1742036087493.png
2025-03-23T09:30:35.209Z - File not found: 1742036087493.png
2025-03-23T09:30:35.214Z - File not found: 1742036087493.png
